<?xml version="1.0" encoding="UTF-8"?>
<!-- Generated by org.testng.reporters.JUnitReportReporter -->
<testsuite hostname="MONO-NCR-LAP-14" name="tests.HuskHomeTest" tests="1" failures="0" timestamp="23 Oct 2019 08:15:21 GMT" time="6.692" errors="0">
  <testcase name="homePageHusk" time="6.692" classname="tests.HuskHomeTest"/>
</testsuite> <!-- tests.HuskHomeTest -->
