<?xml version="1.0" encoding="UTF-8"?>
<!-- Generated by org.testng.reporters.JUnitReportReporter -->
<testsuite hostname="MONO-NCR-LAP-14" name="com.selenium.seleniumConcept.LaunchBrowser" tests="1" failures="0" timestamp="10 Oct 2019 06:59:37 GMT" time="7.267" errors="0">
  <testcase name="initBrowser" time="7.267" classname="com.selenium.seleniumConcept.LaunchBrowser"/>
</testsuite> <!-- com.selenium.seleniumConcept.LaunchBrowser -->
