<?xml version="1.0" encoding="UTF-8"?>
<!-- Generated by org.testng.reporters.JUnitReportReporter -->
<testsuite hostname="MONO-NCR-LAP-14" name="tests.GmailLoginTest" tests="1" failures="0" timestamp="11 Oct 2019 13:14:20 GMT" time="0.070" errors="0">
  <testcase name="gmailLoginTest" time="0.070" classname="tests.GmailLoginTest"/>
</testsuite> <!-- tests.GmailLoginTest -->
