<?xml version="1.0" encoding="UTF-8"?>
<!-- Generated by org.testng.reporters.JUnitReportReporter -->
<testsuite hostname="MONO-NCR-LAP-14" name="tests.GmailLoginTest" tests="2" failures="0" timestamp="14 Oct 2019 13:30:54 GMT" time="2.957" errors="0">
  <testcase name="gmailLoginEmailTest" time="0.771" classname="tests.GmailLoginTest"/>
  <testcase name="gmailLoginPasswordTest" time="2.186" classname="tests.GmailLoginTest"/>
</testsuite> <!-- tests.GmailLoginTest -->
