<?xml version="1.0" encoding="UTF-8"?>
<!-- Generated by org.testng.reporters.JUnitReportReporter -->
<testsuite hostname="MONO-NCR-LAP-14" name="tests.ToolsQAHomeTest" tests="2" failures="0" timestamp="10 Oct 2019 07:03:28 GMT" time="0.686" errors="0">
  <testcase name="closeBrowser" time="0.044" classname="tests.ToolsQAHomeTest"/>
  <testcase name="intractionMenu" time="0.642" classname="tests.ToolsQAHomeTest"/>
</testsuite> <!-- tests.ToolsQAHomeTest -->
