<?xml version="1.0" encoding="UTF-8"?>
<!-- Generated by org.testng.reporters.JUnitReportReporter -->
<testsuite hostname="MONO-NCR-LAP-14" name="tests.GmailLoginTest" tests="2" failures="0" timestamp="15 Oct 2019 13:41:10 GMT" time="3.121" errors="0">
  <testcase name="gmailLoginEmailTest" time="0.826" classname="tests.GmailLoginTest"/>
  <testcase name="gmailLoginPasswordTest" time="2.295" classname="tests.GmailLoginTest"/>
</testsuite> <!-- tests.GmailLoginTest -->
