<?xml version="1.0" encoding="UTF-8"?>
<!-- Generated by org.testng.reporters.JUnitReportReporter -->
<testsuite hostname="MONO-NCR-LAP-14" name="tests.AlertGuruTest" tests="1" failures="0" timestamp="21 Oct 2019 13:53:22 GMT" time="0.633" errors="0">
  <testcase name="getCustomerIDGuru99Page" time="0.633" classname="tests.AlertGuruTest"/>
</testsuite> <!-- tests.AlertGuruTest -->
