<?xml version="1.0" encoding="UTF-8"?>
<!-- Generated by org.testng.reporters.JUnitReportReporter -->
<testsuite hostname="MONO-NCR-LAP-14" name="tests.HuskHomeTest" tests="1" failures="0" timestamp="22 Oct 2019 11:44:39 GMT" time="0.031" errors="0">
  <testcase name="homePageHusk" time="0.031" classname="tests.HuskHomeTest"/>
</testsuite> <!-- tests.HuskHomeTest -->
