<?xml version="1.0" encoding="UTF-8"?>
<!-- Generated by org.testng.reporters.JUnitReportReporter -->
<testsuite hostname="MONO-NCR-LAP-14" name="tests.GmailLoginTest" tests="2" failures="0" timestamp="16 Oct 2019 10:07:10 GMT" time="2.940" errors="0">
  <testcase name="gmailLoginEmailTest" time="0.748" classname="tests.GmailLoginTest"/>
  <testcase name="gmailLoginPasswordTest" time="2.192" classname="tests.GmailLoginTest"/>
</testsuite> <!-- tests.GmailLoginTest -->
