<?xml version="1.0" encoding="UTF-8"?>
<!-- Generated by org.testng.reporters.JUnitReportReporter -->
<testsuite hostname="MONO-NCR-LAP-14" name="tests.GmailLoginTest" tests="1" failures="0" timestamp="10 Oct 2019 09:10:56 GMT" time="0.987" errors="0">
  <testcase name="gmailLoginTest" time="0.987" classname="tests.GmailLoginTest"/>
</testsuite> <!-- tests.GmailLoginTest -->
