<?xml version="1.0" encoding="UTF-8"?>
<!-- Generated by org.testng.reporters.JUnitReportReporter -->
<testsuite hostname="MONO-NCR-LAP-14" name="com.huskpower.tests.SparkMeterDataTest" tests="1" failures="0" timestamp="24 Oct 2019 13:55:39 GMT" time="33.111" errors="0">
  <testcase name="homePageHuskDashBoard" time="33.111" classname="com.huskpower.tests.SparkMeterDataTest"/>
</testsuite> <!-- com.huskpower.tests.SparkMeterDataTest -->
