<?xml version="1.0" encoding="UTF-8"?>
<!-- Generated by org.testng.reporters.JUnitReportReporter -->
<testsuite hostname="MONO-NCR-LAP-14" name="com.huskpower.tests.SparkMeterDataTest" tests="4" failures="0" timestamp="29 Oct 2019 13:00:54 GMT" time="42.194" errors="0">
  <testcase name="getPasswordFromPropertiesFile" time="0.119" classname="com.huskpower.tests.SparkMeterDataTest"/>
  <testcase name="getEmailIDFromPropertiesFile" time="0.176" classname="com.huskpower.tests.SparkMeterDataTest"/>
  <testcase name="historyTransactionatHomePage" time="27.844" classname="com.huskpower.tests.SparkMeterDataTest"/>
  <testcase name="getUrlValueFromPropertiesFile" time="14.055" classname="com.huskpower.tests.SparkMeterDataTest"/>
</testsuite> <!-- com.huskpower.tests.SparkMeterDataTest -->
