<?xml version="1.0" encoding="UTF-8"?>
<!-- Generated by org.testng.reporters.JUnitReportReporter -->
<testsuite hostname="MONO-NCR-LAP-14" name="com.huskpower.tests.SparkMeterDataTest" tests="4" failures="0" timestamp="29 Oct 2019 09:20:37 GMT" time="41.313" errors="0">
  <testcase name="getPasswordFromPropertiesFile" time="0.170" classname="com.huskpower.tests.SparkMeterDataTest"/>
  <testcase name="getEmailIDFromPropertiesFile" time="0.196" classname="com.huskpower.tests.SparkMeterDataTest"/>
  <testcase name="historyTransactionatHomePage" time="28.173" classname="com.huskpower.tests.SparkMeterDataTest"/>
  <testcase name="getUrlValueFromPropertiesFile" time="12.774" classname="com.huskpower.tests.SparkMeterDataTest"/>
</testsuite> <!-- com.huskpower.tests.SparkMeterDataTest -->
