<?xml version="1.0" encoding="UTF-8"?>
<!-- Generated by org.testng.reporters.JUnitReportReporter -->
<testsuite hostname="MONO-NCR-LAP-14" name="com.huskpower.tests.HuskHomeTest" tests="2" failures="0" timestamp="24 Oct 2019 10:19:26 GMT" time="55.841" errors="0">
  <testcase name="hinberTurkauliyaBiharIndia" time="43.289" classname="com.huskpower.tests.HuskHomeTest"/>
  <testcase name="homePageHuskDashBoard" time="12.552" classname="com.huskpower.tests.HuskHomeTest"/>
</testsuite> <!-- com.huskpower.tests.HuskHomeTest -->
