<?xml version="1.0" encoding="UTF-8"?>
<!-- Generated by org.testng.reporters.JUnitReportReporter -->
<testsuite hostname="MONO-NCR-LAP-14" name="com.huskpower.tests.HuskHomeTest" tests="1" failures="0" timestamp="23 Oct 2019 13:59:14 GMT" time="24.547" errors="0">
  <testcase name="homePageHuskDashBoard" time="24.547" classname="com.huskpower.tests.HuskHomeTest"/>
</testsuite> <!-- com.huskpower.tests.HuskHomeTest -->
