<?xml version="1.0" encoding="UTF-8"?>
<!-- Generated by org.testng.reporters.JUnitReportReporter -->
<testsuite skipped="0" hostname="mono-hyd-vastro2520-1" name="com.explicitwait.SearchItemInGoogle" tests="2" failures="0" timestamp="17 Apr 2019 16:09:43 GMT" time="8.971" errors="0">
  <testcase name="getSearch" time="6.289" classname="com.explicitwait.SearchItemInGoogle"/>
  <testcase name="itemSearchPage" time="2.682" classname="com.explicitwait.SearchItemInGoogle"/>
</testsuite> <!-- com.explicitwait.SearchItemInGoogle -->
