<?xml version="1.0" encoding="UTF-8"?>
<!-- Generated by org.testng.reporters.JUnitReportReporter -->
<testsuite skipped="0" hostname="mono-hyd-vastro2520-1" name="data.provider.by.parameter.ParameterWithTestngXml" tests="1" failures="0" timestamp="20 May 2019 15:18:36 GMT" time="0.018" errors="0">
  <testcase name="testParameterWithXml" time="0.018" classname="data.provider.by.parameter.ParameterWithTestngXml"/>
</testsuite> <!-- data.provider.by.parameter.ParameterWithTestngXml -->
