<?xml version="1.0" encoding="UTF-8"?>
<!-- Generated by org.testng.reporters.JUnitReportReporter -->
<testsuite skipped="2" hostname="LAPTOP-652B5MM1" name="com.makemy.trip.MakeMyTripTest" tests="3" failures="0" timestamp="16 Feb 2020 15:48:20 GMT" time="0.250" errors="0">
  <testcase name="getSearch" time="0.250" classname="com.makemy.trip.MakeMyTripTest"/>
  <testcase name="getFrom" classname="com.makemy.trip.MakeMyTripTest">
    <skipped/>
  </testcase> <!-- getFrom -->
  <testcase name="getListMakeMyTrip" classname="com.makemy.trip.MakeMyTripTest">
    <skipped/>
  </testcase> <!-- getListMakeMyTrip -->
</testsuite> <!-- com.makemy.trip.MakeMyTripTest -->
