<?xml version="1.0" encoding="UTF-8"?>
<!-- Generated by org.testng.reporters.JUnitReportReporter -->
<testsuite skipped="0" hostname="mono-hyd-vastro2520-1" name="com.read.excel.data.provider.ReadExcelDataProvider" tests="1" failures="0" timestamp="17 May 2019 11:36:52 GMT" time="9.122" errors="0">
  <testcase name="testSetup" time="9.122" classname="com.read.excel.data.provider.ReadExcelDataProvider"/>
</testsuite> <!-- com.read.excel.data.provider.ReadExcelDataProvider -->
