<?xml version="1.0" encoding="UTF-8"?>
<!-- Generated by org.testng.reporters.JUnitReportReporter -->
<testsuite skipped="0" hostname="mono-hyd-vastro2520-1" name="data.provider.by.parameter.DataProviderByParameter" tests="3" failures="0" timestamp="20 May 2019 14:20:41 GMT" time="0.020" errors="0">
  <testcase name="testData" time="0.001" classname="data.provider.by.parameter.DataProviderByParameter"/>
  <testcase name="testData" time="0.010" classname="data.provider.by.parameter.DataProviderByParameter"/>
  <testcase name="testData" time="0.009" classname="data.provider.by.parameter.DataProviderByParameter"/>
</testsuite> <!-- data.provider.by.parameter.DataProviderByParameter -->
