<?xml version="1.0" encoding="UTF-8"?>
<!-- Generated by org.testng.reporters.JUnitReportReporter -->
<testsuite skipped="0" hostname="mono-hyd-vastro2520-1" name="com.extent.report.ExtentsReportsExp" tests="1" failures="0" timestamp="24 Apr 2019 15:38:54 GMT" time="0.505" errors="0">
  <testcase name="getPassExtentReport" time="0.505" classname="com.extent.report.ExtentsReportsExp"/>
</testsuite> <!-- com.extent.report.ExtentsReportsExp -->
