<?xml version="1.0" encoding="UTF-8"?>
<!-- Generated by org.testng.reporters.JUnitReportReporter -->
<testsuite skipped="0" hostname="LAPTOP-652B5MM1" name="com.guru.alerts.MultipleWindowsHandlings" tests="1" failures="0" timestamp="03 Aug 2019 19:49:13 GMT" time="0.165" errors="0">
  <testcase name="getWindowHandles" time="0.165" classname="com.guru.alerts.MultipleWindowsHandlings"/>
</testsuite> <!-- com.guru.alerts.MultipleWindowsHandlings -->
