<?xml version="1.0" encoding="UTF-8"?>
<!-- Generated by org.testng.reporters.JUnitReportReporter -->
<testsuite skipped="0" hostname="LAPTOP-652B5MM1" name="a.rest.assured.RestAPI_Test01" tests="1" failures="0" timestamp="09 May 2020 15:47:55 GMT" time="6.183" errors="0">
  <testcase name="restTestGet" time="6.183" classname="a.rest.assured.RestAPI_Test01"/>
</testsuite> <!-- a.rest.assured.RestAPI_Test01 -->
