<?xml version="1.0" encoding="UTF-8"?>
<!-- Generated by org.testng.reporters.JUnitReportReporter -->
<testsuite skipped="0" hostname="mono-hyd-vastro2520-1" name="com.search.item.SearchItemInGoogle" tests="2" failures="0" timestamp="17 Apr 2019 16:05:03 GMT" time="12.009" errors="0">
  <testcase name="getSearch" time="7.272" classname="com.search.item.SearchItemInGoogle"/>
  <testcase name="itemSearchPage" time="4.737" classname="com.search.item.SearchItemInGoogle"/>
</testsuite> <!-- com.search.item.SearchItemInGoogle -->
