<?xml version="1.0" encoding="UTF-8"?>
<!-- Generated by org.testng.reporters.JUnitReportReporter -->
<testsuite skipped="0" hostname="LAPTOP-652B5MM1" name="a.rest.assured.Test_GET01" tests="1" failures="0" timestamp="10 May 2020 17:22:39 GMT" time="4.091" errors="0">
  <testcase name="restTest_01" time="4.091" classname="a.rest.assured.Test_GET01"/>
</testsuite> <!-- a.rest.assured.Test_GET01 -->
