<?xml version="1.0" encoding="UTF-8"?>
<!-- Generated by org.testng.reporters.JUnitReportReporter -->
<testsuite skipped="0" hostname="LAPTOP-652B5MM1" name="a.test.LoginTest" tests="3" failures="0" timestamp="30 May 2020 12:14:33 GMT" time="15.997" errors="0">
  <testcase name="getempId" time="8.417" classname="a.test.LoginTest"/>
  <testcase name="getSignInButton" time="3.331" classname="a.test.LoginTest"/>
  <testcase name="getSpecUser_SpecPassword_ExistingUser" time="4.249" classname="a.test.LoginTest"/>
</testsuite> <!-- a.test.LoginTest -->
