<?xml version="1.0" encoding="UTF-8"?>
<!-- Generated by org.testng.reporters.JUnitReportReporter -->
<testsuite skipped="0" hostname="mono-hyd-vastro2520-1" name="com.window.handle.WindowsHandling" tests="1" failures="0" timestamp="10 Apr 2019 16:44:48 GMT" time="9.434" errors="0">
  <testcase name="initPage" time="9.434" classname="com.window.handle.WindowsHandling"/>
</testsuite> <!-- com.window.handle.WindowsHandling -->
