<?xml version="1.0" encoding="UTF-8"?>
<!-- Generated by org.testng.reporters.JUnitReportReporter -->
<testsuite skipped="0" hostname="mono-hyd-vastro2520-1" name="com.compile.surefire.jenkins.DriverTestByJenkins" tests="1" failures="0" timestamp="23 May 2019 15:33:08 GMT" time="27.641" errors="0">
  <testcase name="getChromeBrowser" time="27.641" classname="com.compile.surefire.jenkins.DriverTestByJenkins"/>
</testsuite> <!-- com.compile.surefire.jenkins.DriverTestByJenkins -->
