<?xml version="1.0" encoding="UTF-8"?>
<!-- Generated by org.testng.reporters.JUnitReportReporter -->
<testsuite skipped="0" hostname="mono-hyd-vastro2520-1" name="com.read.excel.file.ReadExcelFile" tests="1" failures="0" timestamp="17 May 2019 12:08:49 GMT" time="0.964" errors="0">
  <testcase name="readExcel_Files" time="0.964" classname="com.read.excel.file.ReadExcelFile"/>
</testsuite> <!-- com.read.excel.file.ReadExcelFile -->
