<?xml version="1.0" encoding="UTF-8"?>
<!-- Generated by org.testng.reporters.JUnitReportReporter -->
<testsuite skipped="0" hostname="mono-hyd-vastro2520-1" name="Pradeep.Selenum_Auto_Practice.ParallelExecution" tests="1" failures="0" timestamp="29 Mar 2019 10:01:51 GMT" time="0.008" errors="0">
  <testcase name="testSuit" time="0.008" classname="Pradeep.Selenum_Auto_Practice.ParallelExecution"/>
</testsuite> <!-- Pradeep.Selenum_Auto_Practice.ParallelExecution -->
