<?xml version="1.0" encoding="UTF-8"?>
<!-- Generated by org.testng.reporters.JUnitReportReporter -->
<testsuite skipped="0" hostname="mono-hyd-vastro2520-1" name="com.upload.download.file.UpLoadFile" tests="1" failures="0" timestamp="20 May 2019 16:16:54 GMT" time="0.231" errors="0">
  <testcase name="uploadFileAtGuruDemoSite" time="0.231" classname="com.upload.download.file.UpLoadFile"/>
</testsuite> <!-- com.upload.download.file.UpLoadFile -->
