<?xml version="1.0" encoding="UTF-8"?>
<!-- Generated by org.testng.reporters.JUnitReportReporter -->
<testsuite skipped="0" hostname="mono-hyd-vastro2520-1" name="com.geckodriver.GeckoDriverQuere" tests="1" failures="0" timestamp="21 May 2019 15:41:03 GMT" time="2.567" errors="0">
  <testcase name="navigateToUrl" time="2.567" classname="com.geckodriver.GeckoDriverQuere"/>
</testsuite> <!-- com.geckodriver.GeckoDriverQuere -->
