<?xml version="1.0" encoding="UTF-8"?>
<!-- Generated by org.testng.reporters.JUnitReportReporter -->
<testsuite skipped="0" hostname="mono-hyd-vastro2520-1" name="com.web.table.handle.WebTableTest" tests="1" failures="0" timestamp="21 May 2019 13:59:32 GMT" time="0.079" errors="0">
  <testcase name="getTableData" time="0.079" classname="com.web.table.handle.WebTableTest"/>
</testsuite> <!-- com.web.table.handle.WebTableTest -->
