<?xml version="1.0" encoding="UTF-8"?>
<!-- Generated by org.testng.reporters.JUnitReportReporter -->
<testsuite skipped="0" hostname="mono-hyd-vastro2520-1" name="com.geckodriver.WindowHandling" tests="1" failures="0" timestamp="10 Apr 2019 16:47:03 GMT" time="8.861" errors="0">
  <testcase name="navigateToUrl" time="8.861" classname="com.geckodriver.WindowHandling"/>
</testsuite> <!-- com.geckodriver.WindowHandling -->
