<?xml version="1.0" encoding="UTF-8"?>
<!-- Generated by org.testng.reporters.JUnitReportReporter -->
<testsuite skipped="0" hostname="mono-hyd-vastro2520-1" name="com.pass.parameter.test.xml.file.ParameterTest" tests="1" failures="0" timestamp="18 Apr 2019 15:08:14 GMT" time="0.004" errors="0">
  <testcase name="getData" time="0.004" classname="com.pass.parameter.test.xml.file.ParameterTest"/>
</testsuite> <!-- com.pass.parameter.test.xml.file.ParameterTest -->
