<?xml version="1.0" encoding="UTF-8"?>
<!-- Generated by org.testng.reporters.JUnitReportReporter -->
<testsuite skipped="0" hostname="LAPTOP-652B5MM1" name="a.test.LoginTest" tests="1" failures="0" timestamp="25 May 2020 18:46:30 GMT" time="9.727" errors="0">
  <testcase name="getempId" time="9.727" classname="a.test.LoginTest"/>
</testsuite> <!-- a.test.LoginTest -->
