<?xml version="1.0" encoding="UTF-8"?>
<!-- Generated by org.testng.reporters.JUnitReportReporter -->
<testsuite skipped="0" hostname="mono-hyd-vastro2520-1" name="com.Frame.FrameExp" tests="1" failures="0" timestamp="09 Apr 2019 16:16:19 GMT" time="37.823" errors="0">
  <testcase name="framePage" time="37.823" classname="com.Frame.FrameExp"/>
</testsuite> <!-- com.Frame.FrameExp -->
