<?xml version="1.0" encoding="UTF-8"?>
<!-- Generated by org.testng.reporters.JUnitReportReporter -->
<testsuite skipped="0" hostname="LAPTOP-652B5MM1" name="a.rest.assured.Test_Post_01" tests="1" failures="0" timestamp="10 May 2020 16:55:46 GMT" time="3.680" errors="0">
  <testcase name="testPost_01" time="3.680" classname="a.rest.assured.Test_Post_01"/>
</testsuite> <!-- a.rest.assured.Test_Post_01 -->
