<?xml version="1.0" encoding="UTF-8"?>
<!-- Generated by org.testng.reporters.JUnitReportReporter -->
<testsuite skipped="0" hostname="LAPTOP-652B5MM1" name="com.guru.alerts.SimpleAlertMessageHandling" tests="3" failures="0" timestamp="03 Aug 2019 07:18:24 GMT" time="8.833" errors="0">
  <testcase name="startBrowser" time="8.076" classname="com.guru.alerts.SimpleAlertMessageHandling"/>
  <testcase name="alertGetText" time="0.194" classname="com.guru.alerts.SimpleAlertMessageHandling"/>
  <testcase name="alertAcceptDissmiss" time="0.563" classname="com.guru.alerts.SimpleAlertMessageHandling"/>
</testsuite> <!-- com.guru.alerts.SimpleAlertMessageHandling -->
