<?xml version="1.0" encoding="UTF-8"?>
<!-- Generated by org.testng.reporters.JUnitReportReporter -->
<testsuite skipped="0" hostname="mono-hyd-vastro2520-1" name="Pradeep.Selenum_Auto_Practice.VerifyToolTip" tests="3" failures="0" timestamp="08 Mar 2019 16:35:25 GMT" time="24.897" errors="0">
  <testcase name="initialPage" time="9.757" classname="Pradeep.Selenum_Auto_Practice.VerifyToolTip"/>
  <testcase name="scrollDown" time="6.323" classname="Pradeep.Selenum_Auto_Practice.VerifyToolTip"/>
  <testcase name="even_More_from_Google" time="8.817" classname="Pradeep.Selenum_Auto_Practice.VerifyToolTip"/>
</testsuite> <!-- Pradeep.Selenum_Auto_Practice.VerifyToolTip -->
