<?xml version="1.0" encoding="UTF-8"?>
<!-- Generated by org.testng.reporters.JUnitReportReporter -->
<testsuite skipped="0" hostname="LAPTOP-652B5MM1" name="a.test.LoginTest" tests="1" failures="0" timestamp="24 May 2020 09:01:57 GMT" time="8.953" errors="0">
  <testcase name="getempId" time="8.953" classname="a.test.LoginTest"/>
</testsuite> <!-- a.test.LoginTest -->
