<?xml version="1.0" encoding="UTF-8"?>
<!-- Generated by org.testng.reporters.JUnitReportReporter -->
<testsuite skipped="0" hostname="mono-hyd-vastro2520-1" name="com.parallelTest.ParallelExecution" tests="1" failures="0" timestamp="29 Mar 2019 10:46:05 GMT" time="0.005" errors="0">
  <testcase name="testSuit" time="0.005" classname="com.parallelTest.ParallelExecution"/>
</testsuite> <!-- com.parallelTest.ParallelExecution -->
