<?xml version="1.0" encoding="UTF-8"?>
<!-- Generated by org.testng.reporters.JUnitReportReporter -->
<testsuite skipped="0" hostname="mono-hyd-vastro2520-1" name="com.window.handle.NewTabExp" tests="2" failures="0" timestamp="12 Apr 2019 16:19:49 GMT" time="10.989" errors="0">
  <testcase name="initPage" time="4.658" classname="com.window.handle.NewTabExp"/>
  <testcase name="getNewTab" time="6.331" classname="com.window.handle.NewTabExp"/>
</testsuite> <!-- com.window.handle.NewTabExp -->
