<?xml version="1.0" encoding="UTF-8"?>
<!-- Generated by org.testng.reporters.JUnitReportReporter -->
<testsuite skipped="0" hostname="MONO-HYD-LAP-14" name="Cosmos_Testcases.LATraditionalstppass" tests="10" failures="0" timestamp="22 Sep 2018 19:38:00 GMT" time="722.196" errors="0">
  <testcase name="selectNBSBranchInward" time="65.619" classname="Cosmos_Testcases.LATraditionalstppass"/>
  <testcase name="submitReciept" time="31.630" classname="Cosmos_Testcases.LATraditionalstppass"/>
  <testcase name="pendingBranchScrutny" time="18.729" classname="Cosmos_Testcases.LATraditionalstppass"/>
  <testcase name="selectDispatch" time="34.884" classname="Cosmos_Testcases.LATraditionalstppass"/>
  <testcase name="scanAndIndex" time="36.537" classname="Cosmos_Testcases.LATraditionalstppass"/>
  <testcase name="copsInwardBucket" time="17.785" classname="Cosmos_Testcases.LATraditionalstppass"/>
  <testcase name="nbsDataEntry" time="152.593" classname="Cosmos_Testcases.LATraditionalstppass"/>
  <testcase name="copsQc" time="221.117" classname="Cosmos_Testcases.LATraditionalstppass"/>
  <testcase name="applicationTracker" time="116.062" classname="Cosmos_Testcases.LATraditionalstppass"/>
  <testcase name="proposalEnquiry" time="27.240" classname="Cosmos_Testcases.LATraditionalstppass"/>
</testsuite> <!-- Cosmos_Testcases.LATraditionalstppass -->
