<?xml version="1.0" encoding="UTF-8"?>
<!-- Generated by org.testng.reporters.JUnitReportReporter -->
<testsuite skipped="0" hostname="MONO-NCR-LAP-3" name="com.test.Fulfilment.Firstclass" tests="1" failures="0" timestamp="06 Jun 2018 11:28:12 GMT" time="9.903" errors="0">
  <testcase name="testlogin" time="9.903" classname="com.test.Fulfilment.Firstclass"/>
</testsuite> <!-- com.test.Fulfilment.Firstclass -->
