<?xml version="1.0" encoding="UTF-8"?>
<!-- Generated by org.testng.reporters.JUnitReportReporter -->
<testsuite skipped="0" hostname="MONO-NCR-LAP-3" name="com.test.fulfilment.LoginTest" tests="2" failures="0" timestamp="09 Jul 2018 06:51:23 GMT" time="18.042" errors="0">
  <testcase name="testlogin" time="14.567" classname="com.test.fulfilment.LoginTest"/>
  <testcase name="testlogin1" time="3.475" classname="com.test.fulfilment.LoginTest"/>
</testsuite> <!-- com.test.fulfilment.LoginTest -->
