<?xml version="1.0" encoding="UTF-8"?>
<!-- Generated by org.testng.reporters.JUnitReportReporter -->
<testsuite skipped="0" hostname="MLI03LPT2282" name="com.test.fulfilment.JourneyScreenOnePANOCRTest" tests="2" failures="0" timestamp="21 Sep 2018 06:22:00 GMT" time="99.158" errors="0">
  <testcase name="aadhaarOCRPrepopulatedDataValidation" time="61.946" classname="com.test.fulfilment.JourneyScreenOnePANOCRTest"/>
  <testcase name="PANOCRPrepopulatedDataValidation" time="37.212" classname="com.test.fulfilment.JourneyScreenOnePANOCRTest"/>
</testsuite> <!-- com.test.fulfilment.JourneyScreenOnePANOCRTest -->
