<?xml version="1.0" encoding="UTF-8"?>
<!-- Generated by org.testng.reporters.JUnitReportReporter -->
<testsuite skipped="0" hostname="MONO-NCR-LAP-3" name="com.test.fulfilment.JourneyScreenOneTest" tests="5" failures="0" timestamp="28 Aug 2018 06:21:03 GMT" time="144.714" errors="0">
  <testcase name="Indian" time="12.277" classname="com.test.fulfilment.JourneyScreenOneTest"/>
  <testcase name="InvalidAadharTest" time="11.255" classname="com.test.fulfilment.JourneyScreenOneTest"/>
  <testcase name="InvalidOTPTest" time="34.503" classname="com.test.fulfilment.JourneyScreenOneTest"/>
  <testcase name="ScreenOneTestIndian" time="51.382" classname="com.test.fulfilment.JourneyScreenOneTest"/>
  <testcase name="screenTwoProceedButtonClickability" time="35.297" classname="com.test.fulfilment.JourneyScreenOneTest"/>
</testsuite> <!-- com.test.fulfilment.JourneyScreenOneTest -->
