<?xml version="1.0" encoding="UTF-8"?>
<!-- Generated by org.testng.reporters.JUnitReportReporter -->
<testsuite skipped="1" hostname="MLI03LPT2282" name="com.test.fulfilment.JourneyScreenOneTest" tests="3" failures="0" timestamp="18 Sep 2018 09:27:24 GMT" time="16.886" errors="0">
  <testcase name="Indian" time="5.837" classname="com.test.fulfilment.JourneyScreenOneTest"/>
  <testcase name="ScreenOneTestIndian" time="11.049" classname="com.test.fulfilment.JourneyScreenOneTest"/>
  <testcase name="ScreenOneTestNRI" classname="com.test.fulfilment.JourneyScreenOneTest">
    <skipped/>
  </testcase> <!-- ScreenOneTestNRI -->
</testsuite> <!-- com.test.fulfilment.JourneyScreenOneTest -->
