<?xml version="1.0" encoding="UTF-8"?>
<!-- Generated by org.testng.reporters.JUnitReportReporter -->
<testsuite skipped="1" hostname="MLI03LPT2282" name="com.test.fulfilment.JourneyScreenThreeTest" tests="7" failures="0" timestamp="20 Sep 2018 09:42:22 GMT" time="95.683" errors="0">
  <testcase name="Indian" time="6.512" classname="com.test.fulfilment.JourneyScreenThreeTest"/>
  <testcase name="ScreenOneTestIndian" time="16.003" classname="com.test.fulfilment.JourneyScreenThreeTest"/>
  <testcase name="fillingAllTheRequiredFeildForScreen3" time="44.990" classname="com.test.fulfilment.JourneyScreenThreeTest"/>
  <testcase name="isPayorDetailsNoOptionSelectedByDefault" time="2.786" classname="com.test.fulfilment.JourneyScreenThreeTest"/>
  <testcase name="PayorDetailsSection" time="6.422" classname="com.test.fulfilment.JourneyScreenThreeTest"/>
  <testcase name="bankDetailsSection" time="18.970" classname="com.test.fulfilment.JourneyScreenThreeTest"/>
  <testcase name="screenTwoProceedButtonEnablility" classname="com.test.fulfilment.JourneyScreenThreeTest">
    <skipped/>
  </testcase> <!-- screenTwoProceedButtonEnablility -->
</testsuite> <!-- com.test.fulfilment.JourneyScreenThreeTest -->
