<?xml version="1.0" encoding="UTF-8"?>
<!-- Generated by org.testng.reporters.JUnitReportReporter -->
<testsuite skipped="0" hostname="MONO-NCR-LAP-3" name="com.test.fulfilment.LoginTest" tests="2" failures="0" timestamp="25 Jul 2018 07:22:38 GMT" time="23.877" errors="0">
  <testcase name="testlogin" time="20.140" classname="com.test.fulfilment.LoginTest"/>
  <testcase name="testlogin1" time="3.737" classname="com.test.fulfilment.LoginTest"/>
</testsuite> <!-- com.test.fulfilment.LoginTest -->
