<?xml version="1.0" encoding="UTF-8"?>
<!-- Generated by org.testng.reporters.JUnitReportReporter -->
<testsuite skipped="0" hostname="MONO-NCR-LAP-3" name="com.test.Fulfilment.Firstclass" tests="1" failures="0" timestamp="08 Jun 2018 07:27:07 GMT" time="11.666" errors="0">
  <testcase name="testlogin" time="11.666" classname="com.test.Fulfilment.Firstclass"/>
</testsuite> <!-- com.test.Fulfilment.Firstclass -->
