<?xml version="1.0" encoding="UTF-8"?>
<!-- Generated by org.testng.reporters.JUnitReportReporter -->
<testsuite skipped="0" hostname="MONO-NCR-LAP-3" name="com.test.fulfilment.LoginTest" tests="2" failures="0" timestamp="14 Jun 2018 05:06:26 GMT" time="30.033" errors="0">
  <testcase name="testlogin" time="26.445" classname="com.test.fulfilment.LoginTest"/>
  <testcase name="testlogin1" time="3.588" classname="com.test.fulfilment.LoginTest"/>
</testsuite> <!-- com.test.fulfilment.LoginTest -->
